<?xml version="1.0" encoding="UTF-8"?>
<!-- Generated by org.testng.reporters.JUnitReportReporter -->
<testsuite hostname="HIVANOVSKI" failures="0" tests="2" name="TestRunder.testrun" time="0.144" errors="2" timestamp="2023-11-04T15:37:53 CET" skipped="0">
  <testcase classname="TestRunder.testrun" name="runScenario" time="0.024">
    <error message="Cannot invoke &quot;org.openqa.selenium.WebDriver.getCurrentUrl()&quot; because &quot;this.driver&quot; is null" type="java.lang.NullPointerException">
      <![CDATA[java.lang.NullPointerException: Cannot invoke "org.openqa.selenium.WebDriver.getCurrentUrl()" because "this.driver" is null
at StepDefinitions.CreateOrder.user_is_on_the_homepage(CreateOrder.java:31)
at ✽.User is on the homepage(file:///D:/Eclipse/eclipse-workspace/EdukativenCucamber/src/test/resources/Features/LogIn.feature:33)
]]>
    </error>
  </testcase> <!-- runScenario -->
  <testcase classname="TestRunder.testrun" name="runScenario" time="0.120">
    <error message="Cannot invoke &quot;org.openqa.selenium.WebDriver.getCurrentUrl()&quot; because &quot;this.driver&quot; is null" type="java.lang.NullPointerException">
      <![CDATA[java.lang.NullPointerException: Cannot invoke "org.openqa.selenium.WebDriver.getCurrentUrl()" because "this.driver" is null
at StepDefinitions.LoginSteps.user_is_on_the_home_page(LoginSteps.java:23)
at ✽.User is on the home page(file:///D:/Eclipse/eclipse-workspace/EdukativenCucamber/src/test/resources/Features/LogIn.feature:6)
]]>
    </error>
  </testcase> <!-- runScenario -->
</testsuite> <!-- TestRunder.testrun -->
